<?xml version="1.0" encoding="UTF-8"?>
<!-- Generated by org.testng.reporters.JUnitXMLReporter -->
<testsuite hostname="DESKTOP-SC6JC3C" name="Default test" tests="4" failures="0" timestamp="6 Sep 2019 12:25:17 GMT" time="222.582" errors="0">
  <testcase name="validLoginLogout" time="37.805" classname="com.ActiTIME.Test.ValidLoginLogout"/>
  <testcase name="InvalidLogin" time="13.796" classname="com.ActiTIME.Test.InvalidLoginTest"/>
  <testcase name="VerifyVersion" time="0.418" classname="com.ActiTIME.Test.VerifyVersionTest"/>
  <testcase name="VerifyBuildno" time="33.484" classname="com.ActiTIME.Test.VerifyBuildNoTest"/>
</testsuite> <!-- Default test -->
